<?xml version="1.0" encoding="UTF-8"?>
<!-- Generated by org.testng.reporters.JUnitXMLReporter -->
<testsuite ignored="0" hostname="LTGB012079" failures="1" tests="4" name="Command line test" time="35.787" errors="0" timestamp="2025-06-18T11:15:28 BST">
  <testcase classname="Selenium.demoqa.tests.ElementsPageTest" name="verifyClickOnWebTablesOption" time="0.163">
    <failure type="java.lang.AssertionError" message="&amp;apos;Web Tables&amp;apos; option should be visible expected [true] but found [false]">
      <![CDATA[java.lang.AssertionError: 'Web Tables' option should be visible expected [true] but found [false]
at Selenium.demoqa.tests.ElementsPageTest.verifyClickOnWebTablesOption(ElementsPageTest.java:45)
at java.base/java.util.ArrayList.forEach(ArrayList.java:1511)
... Removed 40 stack frames]]>
    </failure>
  </testcase> <!-- verifyClickOnWebTablesOption -->
  <testcase classname="Selenium.demoqa.tests.ElementsPageTest" name="verifyElementsPageLoadsAndTextBoxOptionIsVisible" time="0.15"/>
  <testcase classname="Selenium.demoqa.tests.HomePageTest" name="verifyElementsCardIsVisibleAndClickable" time="0.091"/>
  <testcase classname="Selenium.demoqa.tests.HomePageTest" name="verifyHomePageLoadsSuccessfully" time="0.043"/>
</testsuite> <!-- Command line test -->
