<?xml version="1.0" encoding="UTF-8"?>
<testng-results ignored="0" total="4" passed="3" failed="1" skipped="0">
  <reporter-output>
  </reporter-output>
  <suite started-at="2025-06-18T11:14:52 BST" name="Command line suite" finished-at="2025-06-18T11:15:28 BST" duration-ms="35787">
    <groups>
    </groups>
    <test started-at="2025-06-18T11:14:52 BST" name="Command line test" finished-at="2025-06-18T11:15:28 BST" duration-ms="35787">
      <class name="Selenium.demoqa.tests.HomePageTest">
        <test-method is-config="true" signature="setUp()[pri:0, instance:Selenium.demoqa.tests.HomePageTest@5a1de7fb]" started-at="2025-06-18T11:15:12 BST" name="setUp" finished-at="2025-06-18T11:15:17 BST" duration-ms="4329" status="PASS">
          <reporter-output>
          </reporter-output>
        </test-method> <!-- setUp -->
        <test-method signature="verifyElementsCardIsVisibleAndClickable()[pri:0, instance:Selenium.demoqa.tests.HomePageTest@5a1de7fb]" started-at="2025-06-18T11:15:17 BST" name="verifyElementsCardIsVisibleAndClickable" finished-at="2025-06-18T11:15:17 BST" duration-ms="91" status="PASS">
          <reporter-output>
          </reporter-output>
        </test-method> <!-- verifyElementsCardIsVisibleAndClickable -->
        <test-method is-config="true" signature="tearDown()[pri:0, instance:Selenium.demoqa.tests.HomePageTest@5a1de7fb]" started-at="2025-06-18T11:15:17 BST" name="tearDown" finished-at="2025-06-18T11:15:22 BST" duration-ms="5210" status="PASS">
          <reporter-output>
          </reporter-output>
        </test-method> <!-- tearDown -->
        <test-method is-config="true" signature="setUp()[pri:0, instance:Selenium.demoqa.tests.HomePageTest@5a1de7fb]" started-at="2025-06-18T11:15:22 BST" name="setUp" finished-at="2025-06-18T11:15:26 BST" duration-ms="3851" status="PASS">
          <reporter-output>
          </reporter-output>
        </test-method> <!-- setUp -->
        <test-method signature="verifyHomePageLoadsSuccessfully()[pri:0, instance:Selenium.demoqa.tests.HomePageTest@5a1de7fb]" started-at="2025-06-18T11:15:26 BST" name="verifyHomePageLoadsSuccessfully" finished-at="2025-06-18T11:15:26 BST" duration-ms="43" status="PASS">
          <reporter-output>
          </reporter-output>
        </test-method> <!-- verifyHomePageLoadsSuccessfully -->
        <test-method is-config="true" signature="tearDown()[pri:0, instance:Selenium.demoqa.tests.HomePageTest@5a1de7fb]" started-at="2025-06-18T11:15:26 BST" name="tearDown" finished-at="2025-06-18T11:15:28 BST" duration-ms="2201" status="PASS">
          <reporter-output>
          </reporter-output>
        </test-method> <!-- tearDown -->
      </class> <!-- Selenium.demoqa.tests.HomePageTest -->
      <class name="Selenium.demoqa.tests.ElementsPageTest">
        <test-method is-config="true" signature="setUp()[pri:0, instance:Selenium.demoqa.tests.ElementsPageTest@27eedb64]" started-at="2025-06-18T11:14:52 BST" name="setUp" finished-at="2025-06-18T11:15:01 BST" duration-ms="8840" status="PASS">
          <reporter-output>
          </reporter-output>
        </test-method> <!-- setUp -->
        <test-method signature="verifyClickOnWebTablesOption()[pri:0, instance:Selenium.demoqa.tests.ElementsPageTest@27eedb64]" started-at="2025-06-18T11:15:01 BST" name="verifyClickOnWebTablesOption" finished-at="2025-06-18T11:15:01 BST" duration-ms="163" status="FAIL">
          <exception class="java.lang.AssertionError">
            <message>
              <![CDATA['Web Tables' option should be visible expected [true] but found [false]]]>
            </message>
            <full-stacktrace>
              <![CDATA[java.lang.AssertionError: 'Web Tables' option should be visible expected [true] but found [false]
at org.testng.Assert.fail(Assert.java:111)
at org.testng.Assert.failNotEquals(Assert.java:1590)
at org.testng.Assert.assertTrue(Assert.java:57)
at Selenium.demoqa.tests.ElementsPageTest.verifyClickOnWebTablesOption(ElementsPageTest.java:45)
at java.base/jdk.internal.reflect.NativeMethodAccessorImpl.invoke0(Native Method)
at java.base/jdk.internal.reflect.NativeMethodAccessorImpl.invoke(NativeMethodAccessorImpl.java:77)
at java.base/jdk.internal.reflect.DelegatingMethodAccessorImpl.invoke(DelegatingMethodAccessorImpl.java:43)
at java.base/java.lang.reflect.Method.invoke(Method.java:568)
at org.testng.internal.invokers.MethodInvocationHelper.invokeMethod(MethodInvocationHelper.java:141)
at org.testng.internal.invokers.TestInvoker.invokeMethod(TestInvoker.java:687)
at org.testng.internal.invokers.TestInvoker.invokeTestMethod(TestInvoker.java:230)
at org.testng.internal.invokers.MethodRunner.runInSequence(MethodRunner.java:63)
at org.testng.internal.invokers.TestInvoker$MethodInvocationAgent.invoke(TestInvoker.java:995)
at org.testng.internal.invokers.TestInvoker.invokeTestMethods(TestInvoker.java:203)
at org.testng.internal.invokers.TestMethodWorker.invokeTestMethods(TestMethodWorker.java:154)
at org.testng.internal.invokers.TestMethodWorker.run(TestMethodWorker.java:134)
at java.base/java.util.ArrayList.forEach(ArrayList.java:1511)
at org.testng.TestRunner.privateRun(TestRunner.java:741)
at org.testng.TestRunner.run(TestRunner.java:616)
at org.testng.SuiteRunner.runTest(SuiteRunner.java:421)
at org.testng.SuiteRunner.runSequentially(SuiteRunner.java:413)
at org.testng.SuiteRunner.privateRun(SuiteRunner.java:373)
at org.testng.SuiteRunner.run(SuiteRunner.java:312)
at org.testng.SuiteRunnerWorker.runSuite(SuiteRunnerWorker.java:52)
at org.testng.SuiteRunnerWorker.run(SuiteRunnerWorker.java:95)
at org.testng.TestNG.runSuitesSequentially(TestNG.java:1274)
at org.testng.TestNG.runSuitesLocally(TestNG.java:1208)
at org.testng.TestNG.runSuites(TestNG.java:1112)
at org.testng.TestNG.run(TestNG.java:1079)
at org.apache.maven.surefire.testng.TestNGExecutor.run(TestNGExecutor.java:77)
at org.apache.maven.surefire.testng.TestNGDirectoryTestSuite.executeMulti(TestNGDirectoryTestSuite.java:159)
at org.apache.maven.surefire.testng.TestNGDirectoryTestSuite.execute(TestNGDirectoryTestSuite.java:99)
at org.apache.maven.surefire.testng.TestNGProvider.invoke(TestNGProvider.java:106)
at java.base/jdk.internal.reflect.NativeMethodAccessorImpl.invoke0(Native Method)
at java.base/jdk.internal.reflect.NativeMethodAccessorImpl.invoke(NativeMethodAccessorImpl.java:77)
at java.base/jdk.internal.reflect.DelegatingMethodAccessorImpl.invoke(DelegatingMethodAccessorImpl.java:43)
at java.base/java.lang.reflect.Method.invoke(Method.java:568)
at org.apache.maven.surefire.util.ReflectionUtils.invokeMethodWithArray(ReflectionUtils.java:189)
at org.apache.maven.surefire.booter.ProviderFactory$ProviderProxy.invoke(ProviderFactory.java:165)
at org.apache.maven.surefire.booter.ProviderFactory.invokeProvider(ProviderFactory.java:85)
at org.apache.maven.surefire.booter.ForkedBooter.runSuitesInProcess(ForkedBooter.java:115)
at org.apache.maven.surefire.booter.ForkedBooter.main(ForkedBooter.java:75)
]]>
            </full-stacktrace>
          </exception> <!-- java.lang.AssertionError -->
          <reporter-output>
          </reporter-output>
        </test-method> <!-- verifyClickOnWebTablesOption -->
        <test-method is-config="true" signature="tearDown()[pri:0, instance:Selenium.demoqa.tests.ElementsPageTest@27eedb64]" started-at="2025-06-18T11:15:01 BST" name="tearDown" finished-at="2025-06-18T11:15:04 BST" duration-ms="2807" status="PASS">
          <reporter-output>
          </reporter-output>
        </test-method> <!-- tearDown -->
        <test-method is-config="true" signature="setUp()[pri:0, instance:Selenium.demoqa.tests.ElementsPageTest@27eedb64]" started-at="2025-06-18T11:15:04 BST" name="setUp" finished-at="2025-06-18T11:15:09 BST" duration-ms="4837" status="PASS">
          <reporter-output>
          </reporter-output>
        </test-method> <!-- setUp -->
        <test-method signature="verifyElementsPageLoadsAndTextBoxOptionIsVisible()[pri:0, instance:Selenium.demoqa.tests.ElementsPageTest@27eedb64]" started-at="2025-06-18T11:15:09 BST" name="verifyElementsPageLoadsAndTextBoxOptionIsVisible" finished-at="2025-06-18T11:15:09 BST" duration-ms="150" status="PASS">
          <reporter-output>
          </reporter-output>
        </test-method> <!-- verifyElementsPageLoadsAndTextBoxOptionIsVisible -->
        <test-method is-config="true" signature="tearDown()[pri:0, instance:Selenium.demoqa.tests.ElementsPageTest@27eedb64]" started-at="2025-06-18T11:15:09 BST" name="tearDown" finished-at="2025-06-18T11:15:12 BST" duration-ms="3233" status="PASS">
          <reporter-output>
          </reporter-output>
        </test-method> <!-- tearDown -->
      </class> <!-- Selenium.demoqa.tests.ElementsPageTest -->
    </test> <!-- Command line test -->
  </suite> <!-- Command line suite -->
</testng-results>
